Processing config: Config(model=LocalModelStruct(model=<LocalModel.GRANITE_3_1_8B_INSTRUCT: 'ibm-granite/granite-3.1-8b-instruct'>, generator=None), translate_mode=NotTranslated(), add_noise_mode=<AddNoiseMode.NO_NOISE: 1>)
Loading local model: ibm-granite/granite-3.1-8b-instruct
Local model loaded and generator is ready.
Warning: some test cases already exist in inference result file. Skipping.
Warning: some test cases already exist in evaluation result file. Skipping.
Score result written to result/score/BFCL_v4_multiple_granite.json: {'accuracy': 0.79, 'total_cases': 200, 'correct_cases': 158}
Completed processing for config: Config(model=LocalModelStruct(model=<LocalModel.GRANITE_3_1_8B_INSTRUCT: 'ibm-granite/granite-3.1-8b-instruct'>, generator=<generator object make_chat_pipeline.<locals>.chat_generator at 0x7fc8cbe05800>), translate_mode=NotTranslated(), add_noise_mode=<AddNoiseMode.NO_NOISE: 1>)
Processing config: Config(model=LocalModelStruct(model=<LocalModel.GRANITE_3_1_8B_INSTRUCT: 'ibm-granite/granite-3.1-8b-instruct'>, generator=None), translate_mode=Translated(language=<Language.CHINESE: 1>, option=<TranslateOption.DATASET_FULLY_TRANSLATED: 1>), add_noise_mode=<AddNoiseMode.NO_NOISE: 1>)
Loading local model: ibm-granite/granite-3.1-8b-instruct
Local model loaded and generator is ready.
Inference result file result/inference/BFCL_v4_multiple_granite_zh_d.json not found. It will be created.
Inferencing case id multiple_0, question: 如果我知道一个三角形的三条边长分别为5个单位、4个单位和3个单位，我能找到它的尺寸和属性吗？
Answer:  [triangle_properties.get(side1=5, side2=4, side3=3, get_area=true, get_perimeter=true, get_angles=true)]
Inferencing case id multiple_1, question: 计算一个三角形的面积，已知其三边长度分别为：3、4和5。
Answer:  [math.triangle_area_heron(side1=3, side2=4, side3=5)]
Inferencing case id multiple_2, question: 巴西的首都是哪里？
Answer:  {"name": "country_info.capital", "arguments": {"country": "巴西"}}
Inferencing case id multiple_3, question: 计算点A(3,4)和点B(1,2)之间的欧几里得距离。
Answer:  [EuclideanDistance.calculate, pointA=[3,4], pointB=[1,2]]
Inferencing case id multiple_4, question: 你能计算一辆以20米/秒的初速行驶，然后以10米/秒²的加速度加速5秒的汽车的位移吗？（假设为直线运动）
Answer:  [kinematics.calculate_displacement(initial_speed=20, acceleration=10, time=5)]
Inferencing case id multiple_5, question: 坐标46.603354,1.8883340处2019年12月13日的风速和温度是多少？
Answer:  [weather.get_by_coordinates_date, {"coordinates": [46.603354, 1.888334], "date": "2019-12-13"}]
Inferencing case id multiple_6, question: 计算平行板电容器的电容，其中极板面积为10平方米，极板间距为0.01米，介电常数K为1.0。
Answer:  [
  {
    "name": "capacitance_calculator.calculate",
    "arguments": {
      "A": 10,
      "d": 0.01,
      "K": 1.0
    }
  }
]
Inferencing case id multiple_7, question: 如何评估华盛顿州过去十年鹿群数量的增长及其对林地的影响？
Answer:  [wildlife_population.assess_growth(species="鹿", location="华盛顿州", duration=10), ecological_impact.analyze(species="鹿", ecosystem="林地", location="华盛顿州", timeframe=10)]
Inferencing case id multiple_8, question: 在圣地亚哥寻找预算在30万至40万美元之间的三卧室别墅出售。
Answer:  [
  {
    "name": "realestate.find_properties",
    "arguments": {
      "location": "San Diego, CA",
      "propertyType": "villa",
      "bedrooms": 3,
      "budget": {
        "min": 300000,
        "max": 400000
      }
    }
  }
]
Inferencing case id multiple_9, question: 计算学生约翰在不同科目中的平均成绩，他的分数为：数学90分，科学75分，历史82分，音乐89分。
Answer:  calculate_average(gradeDict={"数学": 90, "科学": 75, "历史": 82, "音乐": 89})
Inferencing case id multiple_10, question: 我需要从员工数据库的personal_data表中删除一些列。为了尊重隐私，我想删除他们的电子邮件地址和社会安全号码。
Answer:  [
  {
    "name": "database.modify_columns",
    "arguments": {
      "db_name": "employee_database",
      "table": "personal_data",
      "operation": "delete",
      "columns": [
        "email",
        "social_security_number"
      ]
    }
  }
]
Inferencing case id multiple_11, question: 计算系数为5、20和-25的一元二次方程的根。
Answer:  [math_roots.quadratic(a=5, b=20, c=-25)]
Inferencing case id multiple_12, question: 公司'Tech Inc'在2019年收入为100万美元，2020年为120万美元，其同比增长率是多少？
Answer:  [corporate_finance.calculate_YOY_growth_rate(company_name="Tech Inc", year1=2019, year1_revenue=1000000, year2=2020, year2_revenue=1200000)]
Inferencing case id multiple_13, question: 如果我们将产品A的销售单位增加10%，同时保持价格不变，公司XYZ将产生多少收入？
Answer:  [corporate_finance.revenue_forecast(company="XYZ", product="产品A", sales_units_increase_percentage=10)]
Inferencing case id multiple_14, question: 计算一栋价值20万美元的房产，在年折旧率为3%的情况下，经过5年后的折旧价值。
Answer:  [finance.property_depreciation(initial_cost=200000, depreciation_rate=3, years=5)]
Inferencing case id multiple_15, question: 位于坐标[43.653225, -79.383186]的太阳能发电场在12月的发电潜力是多少，假设其太阳能电池板总面积为80000平方英尺？
Answer:  [solarFarm.potential(coordinates=[43.653225, -79.383186], panelArea=80000, month="December")]
Inferencing case id multiple_16, question: 在接下来的100代中，以0.95的概率维持野生老虎种群遗传多样性所需的最小有效种群规模（Ne）是多少？
Answer:  [population_genetics.calculate_ne(species="老虎", generations=100, probability=0.95)]
Inferencing case id multiple_17, question: 查找2022年1月1日欧元兑美元的汇率
Answer:  [currency_conversion.get_rate(from_currency="EUR", to_currency="USD", date="2022-01-01")]
Inferencing case id multiple_18, question: 斯大林格勒战役的主要参与者是谁，地点在哪里？
Answer:  [european_history.battle_details, {"battle": "斯大林格勒战役"}]
Inferencing case id multiple_19, question: 基督教历史上的三大分裂是什么？
Answer:  [religion_history.get_schisms(religion="christianity", count=3)]
Inferencing case id multiple_20, question: 定制一件3英尺大小的大理石雕塑需要多少钱？
Answer:  [sculpture_price.calculate(material="marble", size=3)]
Inferencing case id multiple_21, question: 我想生成一个440赫兹频率的声音，持续5秒钟。请问应该使用什么函数，以及如何使用它？
Answer:  要生成一个440赫兹频率的声音，持续5秒钟，可以使用generate_sound_wave函数。以下是调用该函数的参数：

[generate_sound_wave(frequency=440, duration=5)]
Inferencing case id multiple_22, question: NBA单场比赛个人得分最高纪录是多少？
Answer:  [sports_data.basketball.most_points_single_game(league="NBA")]
Inferencing case id multiple_23, question: 篮球运动员勒布朗·詹姆斯目前的数据包括场均得分、助攻和场均上场时间是多少？
Answer:  [basketball.player_stats.get, {"player_name": "LeBron James", "stats_fields": ["points", "assists", "minutes"]}]
Inferencing case id multiple_24, question: 从伦敦到爱丁堡参加国际象棋锦标赛的最快路线是什么？同时请提供距离的估计。
Answer:  [route_planner.calculate_route(start="伦敦", destination="爱丁堡", method="fastest")]
Inferencing case id multiple_25, question: 游戏《刺客信条：英灵殿》在美国PlayStation商店的最低价是多少？
Answer:  [video_games.store_price(game_title="Assassin's Creed: Valhalla", platform="PlayStation", region="United States")]
Inferencing case id multiple_26, question: 了解在Playstation平台上玩《堡垒之夜》通过不同任务和奖杯可获得的奖励
Answer:  [game_rewards.get(game="Fortnite", platform="Playstation")]
Inferencing case id multiple_27, question: 从法国巴黎到意大利罗马，乘坐公共交通的最短路径是什么？
Answer:  [maps.shortest_path(start_location="Paris, France", end_location="Rome, Italy", mode="transit")]
Inferencing case id multiple_28, question: 系数为2、3和-4的二次方程的根是什么？
Answer:  [solve.quadratic_equation(a=2, b=3, c=-4)]
Inferencing case id multiple_29, question: 求函数 y=3x+2 与 y=2x+3 的交点。
Answer:  [functions.intersect(function1="3x+2", function2="2x+3")]
Inferencing case id multiple_30, question: 一个长12米、宽5米的矩形面积是多少？
Answer:  [rectangle.area(length=12, width=5)]
Inferencing case id multiple_31, question: 一个宽度为7单位、长度为10单位的矩形的面积和周长是多少？
Answer:  [geometry_rectangle.calculate(width=7, length=10)]
Inferencing case id multiple_32, question: 计算一个半径为4、高为7的圆锥体的体积。
Answer:  [geometry.calculate_cone_volume(radius=4, height=7, round_off=2)]
Inferencing case id multiple_33, question: 求函数 f(x) = 3x² 在区间 [1, 2] 上的积分。
Answer:  [calculate_integral(func="3*x**2", a=1, b=2)]
Inferencing case id multiple_34, question: 计算18和12的最小公倍数（LCM）。
Answer:  [math.lcm(num1=18, num2=12)]
Inferencing case id multiple_35, question: 计算128和256之间的最大公约数。
Answer:  [calculate_gcd(num1=128, num2=256, algorithm='euclidean')]
Inferencing case id multiple_36, question: 找出一个物体从静止开始，在恒定加速度作用下，4秒内移动了20米，它的速度有多快？
Answer:  [kinematics.calculate_speed_from_rest(distance=20, time=4)]
Inferencing case id multiple_37, question: 求一个以40米/秒向上抛出的物体在6秒后的最终速度。
Answer:  [kinematics.final_velocity(initial_velocity=40, time=6)]
Inferencing case id multiple_38, question: 在纽约市图书馆分馆中寻找《牧羊少年奇幻之旅》一书。
Answer:  [library.search_book(book_name="牧羊少年奇幻之旅", city="纽约市")]
Inferencing case id multiple_39, question: 寻找从纽约到费城的乘车方式，最高费用不超过50美元。
Answer:  [ride_hailing.get_rides(source="纽约", destination="费城", max_cost=50000)]
Inferencing case id multiple_40, question: 计算磁场强度，已知距离为8米，电流为12安培？
Answer:  [electromagnetism.biot_savart_law(current=12, distance=8)]
Inferencing case id multiple_41, question: 使用安培定律计算点P处的磁场，其中电流I为10安培，r为0.01米。
Answer:  [magnetic_field.calculate(I=10, r=0.01)]
Inferencing case id multiple_42, question: 计算当2摩尔气体在300 K时与3摩尔同种气体在400 K混合后的最终温度。
Answer:  [calculate_final_temperature(quantity1=2, temperature1=300, quantity2=3, temperature2=400)]
Inferencing case id multiple_43, question: 5摩尔葡萄糖（C6H12O6）产生的能量是多少？
Answer:  [biological.calc_energy(mols=5, substance="C6H12O6")]
Inferencing case id multiple_44, question: 如果我的地球体重是70公斤，我在火星上会多重？
Answer:  [calculate.weight_in_space(weight_earth_kg=70, planet="Mars")]
Inferencing case id multiple_45, question: 计算冰河时代距今有多少年？
Answer:  [geology.get_era(era_name="Ice age", calculate_years_ago=True)]
Inferencing case id multiple_46, question: 将以下名字按升序排序：['Sam', 'Alice', 'Jack']
Answer:  [
  {
    "name": "sort_list",
    "arguments": {
      "elements": ["Sam", "Alice", "Jack"],
      "order": "asc"
    }
  }
]
Inferencing case id multiple_47, question: 计算向量A [3, 2, 1] 与向量B [1, 2, 3] 之间的余弦相似度。
Answer:  [cosine_similarity.calculate(vector1=[3, 2, 1], vector2=[1, 2, 3])]
Inferencing case id multiple_48, question: 在纽约市找一家对宠物友好且设有残疾人设施的图书馆。
Answer:  [library.find_nearby(location="New York City, NY", preferences=["Pet-friendly", "Disabled Access"])]
Inferencing case id multiple_49, question: 计算一笔1500元本金、年利率2.5%、为期2年的复利。
Answer:  [calc_Compound_Interest(principle_amount=1500, duration=2, annual_rate=2.5)]
Inferencing case id multiple_50, question: 预测纽约下个月的房价。
Answer:  [house_price_forecast(location="New York", months=1)]
Inferencing case id multiple_51, question: 计算掷两个骰子得到总和为7的概率。
Answer:  [dice_roll_probability(desired_sum=7, sides_per_die=6)]
Inferencing case id multiple_52, question: 我有100欧元。换成美元是多少？
Answer:  [currency_conversion(amount=100, from_currency="EUR", to_currency="USD")]
Inferencing case id multiple_53, question: 根据利率和失业率预测未来五年的房价。
Answer:  [linear_regression(independent_var=["利率", "失业率"], dependent_var="房价", forecast_period=5), random_forest_regression(independent_var=["利率", "失业率"], dependent_var="房价", forecast_period=5)]
Inferencing case id multiple_54, question: 查询苹果公司过去五年的历史股息支付情况。
Answer:  [corporate_finance.dividend_data(company="苹果公司", years=5)]
Inferencing case id multiple_55, question: 预测谷歌未来三天的股价。
Answer:  [stock_forecast(company="Google", days=3)]
Inferencing case id multiple_56, question: 找出苹果股票过去60天的平均收盘价
Answer:  [avg_closing_price(company="Apple", days=60, data_source="yahoo finance")]
Inferencing case id multiple_57, question: 请你计算本金1000美元、年利率5%、为期10年、每年复利4次的复利。
Answer:  [financial.compound_interest(principle=1000, rate=0.05, time=10, n=4)]
Inferencing case id multiple_58, question: 在洛杉矶寻找离婚法律专家
Answer:  [lawyer.search(location="Los Angeles, CA", expertise="Marriage")]
Inferencing case id multiple_59, question: 在纽约附近寻找专门从事刑法的律师。
Answer:  [lawyer_finder(location="纽约", specialization=["刑法"])]
Inferencing case id multiple_60, question: 纽约市7天后的湿度和温度将会是多少？
Answer:  [humidity_temperature_forecast(location="纽约市", days=7)]
Inferencing case id multiple_61, question: 寻找一位在波特兰有5年小空间花园设计经验的景观设计师
Answer:  [landscape_architect.find_specialty(location="波特兰", specialization="小空间花园设计", years_experience=5)]
Inferencing case id multiple_62, question: 帮我找一下波士顿最近允许露营且有风景优美的自然公园。
Answer:  [nature_park.find_nearby(location="Boston, MA", features=["Camping", "Scenic View"])]
Inferencing case id multiple_63, question: 纽约接下来一周的空气质量指数将会如何？
Answer:  [air_quality_forecast(location="纽约", days=7)]
Inferencing case id multiple_64, question: 给我东京2023年6月1日明天的紫外线指数。
Answer:  [uv_index.get_future(location="东京", date="06-01-2023")]
Inferencing case id multiple_65, question: 找出纽约市和洛杉矶之间的距离。
Answer:  [geodistance.find(origin="New York", destination="Los Angeles", unit="miles")]
Inferencing case id multiple_66, question: 这个周末从拉斯维加斯到洛杉矶的交通状况预计如何？
Answer:  [traffic_estimate(start_location="拉斯维加斯", end_location="洛杉矶", time_period="weekend")]
Inferencing case id multiple_67, question: 将“Hello, how are you?”翻译成法文。
Answer:  [translate(text="Hello, how are you?", source_language="English", target_language="French")]
Inferencing case id multiple_68, question: 我能在纽约公共图书馆找到一本历史小说书吗？
Answer:  [library.search_books(location="New York Public Library", genre="historical fiction")]
Inferencing case id multiple_69, question: 根据提供的信息，用五因素模型判断我的性格类型：我健谈、容易紧张、对艺术兴趣较少、倾向于懒惰且性格宽容。
Answer:  [five_factor_model.analyse(talkative=true, nervous=true, artistic_interests=false, lazy=true, forgiving=true)]
Inferencing case id multiple_70, question: 18世纪法国有哪些国王？
Answer:  [european_history.get_monarchs(country="France", century=18)]
Inferencing case id multiple_71, question: 1954年美国有多少退伍军人？
Answer:  [get_population(year=1954, category="veterans")]
Inferencing case id multiple_72, question: 1970年加利福尼亚州的人口是多少？
Answer:  [us_history.population_by_state_year(state="California", year=1970)]
Inferencing case id multiple_73, question: 佛教的创始人是谁，它起源于哪里？
Answer:  [religion.get_origin(religion="Buddhism")]
Inferencing case id multiple_74, question: 查找梵高画作《星夜》在所有拍卖平台上的价格。
Answer:  [art_auction.fetch_artwork_price(artwork_name="星夜", artist="梵高", platform="all")]
Inferencing case id multiple_75, question: 目前客厅最流行的油漆颜色是哪种？
Answer:  [paint_color.trends(room="Living room", period="Daily")]
Inferencing case id multiple_76, question: 我想定制一尊铜马雕塑，有哪些材料可选？
Answer:  {"name": "sculpture.create_custom", "arguments": {"item": "horse", "material": "Bronze"}}
Inferencing case id multiple_77, question: 搜索纽约著名的当代雕塑。
Answer:  [artwork_search.find(type="sculpture", location="New York", era="contemporary")]
Inferencing case id multiple_78, question: 获取伦敦自然历史博物馆的信息，包括开放时间、展览内容和无障碍设施。
Answer:  [museum_info(museum="Natural History Museum", city="London", features=["timings", "exhibitions", "accessibility"])]
Inferencing case id multiple_79, question: 查找纽约现代艺术博物馆下个月的艺术展览。
Answer:  [exhibition_info(museum_name="Museum of Modern Art", month=1)]
Inferencing case id multiple_80, question: 在纳什维尔找一家同时提供小提琴课程的本地吉他店。
Answer:  [music_shop.find_nearby(location="Nashville, TN", services=["Violin Lessons"], instruments=["Guitars"])]
Inferencing case id multiple_81, question: 预订一张即将在纽约市举行的埃米纳姆演唱会门票，我想要一张能进入后台的票。
Answer:  [concert.book_ticket(artist="埃米纳姆", location="纽约市", add_ons=["Backstage Pass"])]
Inferencing case id multiple_82, question: 在C大调上以120 BPM的节奏播放一首歌曲。
Answer:  [music.generate(key="C Major", tempo=120)]
Inferencing case id multiple_83, question: 截至目前，莱昂内尔·梅西为巴塞罗那队进了多少球？
Answer:  [player_stats.get_all_time_goals(player_name="Lionel Messi", team_name="FC Barcelona")]
Inferencing case id multiple_84, question: 给我巴塞罗那队在欧冠联赛中的前十名射手。
Answer:  [getTopGoalScorers(competition="UEFA Champions League", team="Barcelona", number=10)]
Inferencing case id multiple_85, question: 获取皇家马德里最近5轮西甲联赛的足球比分。
Answer:  [soccer_scores.get_scores(team="皇家马德里", league="西甲", rounds=5)]
Inferencing case id multiple_86, question: BoardGameGeek商店有哪些推荐的适合两人玩的策略类桌游？
Answer:  [BoardGameGeek.recommend(numPlayers=2, category="strategy")]
Inferencing case id multiple_87, question: 查找游戏《赛博朋克2077》在Xbox平台上的最新更新或补丁。
Answer:  [games.update.find(game="Cyberpunk 2077", platform="Xbox")]
Inferencing case id multiple_88, question: 查找2020年游戏《魔兽世界》的活跃玩家数量。
Answer:  [video_games.get_player_count(game_title="魔兽世界", year=2020)]
Inferencing case id multiple_89, question: 找一份低于500卡路里的健康午餐食谱，需包含鸡肉和蘑菇。
Answer:  [recipe_search(ingredients=["鸡肉", "蘑菇"], calories=500, meal="lunch")]
Inferencing case id multiple_90, question: 我想要一家西雅图的海鲜餐厅，能容纳5人团体。
Answer:  [restaurant.find_group(location="Seattle, WA", cuisine=["Seafood"], group_size=5)]
Inferencing case id multiple_91, question: 我能用少于5种食材找到好的苹果派烹饪食谱吗？
Answer:  [recipe.find(mainIngredient="apple", ingredientLimit=5)]
Inferencing case id multiple_92, question: 给我一份丹佛附近沃尔玛可用的素食和无麸质食品清单。
Answer:  [
  "walmart.vegan_products(location='Denver, CO', categories=['vegan', 'gluten-free'])"
]
Inferencing case id multiple_93, question: 在纽约万豪酒店预订一间豪华客房，入住两晚，并额外添加早餐服务。
Answer:  [hotel.book(location="纽约", roomType="豪华客房", nights=2, additional_services=["breakfast"])]
Inferencing case id multiple_94, question: 我想在纽约希尔顿酒店预订一间带大号床的套房，住3晚。你能帮我查一下价格吗？
Answer:  [hotel_room_pricing.get, {"hotelName": "Hilton New York", "roomType": "suite with king bed", "nights": 3}]
Inferencing case id multiple_95, question: 使用当前汇率将200欧元兑换成美元。
Answer:  [currency_exchange.convert(amount=200, from_currency="EUR", to_currency="USD", live_conversion=true)]
Inferencing case id multiple_96, question: 解一个二次方程，其中a=2，b=6，c=5
Answer:  [solve_quadratic_equation(a=2, b=6, c=5)]
Inferencing case id multiple_97, question: 半径为10的圆的面积是多少？
Answer:  [geometry.area_circle(radius=10, units="meters")]
Inferencing case id multiple_98, question: 计算半径为3的圆的周长
Answer:  [
  {
    "name": "geometry.circumference",
    "arguments": {
      "radius": 3
    }
  }
]
Inferencing case id multiple_99, question: 计算函数2x^2在x=1处的导数。
Answer:  [calculus.derivative(function="2x^2", value=1, function_variable="x")]
Inferencing case id multiple_100, question: 找出36和24的最大公因数。
Answer:  [math.hcf(number1=36, number2=24)]
Inferencing case id multiple_101, question: 找出12和18的最大公约数
Answer:  [math.gcd(num1=12, num2=18)]
Inferencing case id multiple_102, question: 计算一辆初速度为10、加速度为9.8的汽车在5秒内的位移。
Answer:  [calculate_displacement(initial_velocity=10, time=5, acceleration=9.8)]
Inferencing case id multiple_103, question: 计算一个从100米高处无空气阻力下落的物体的最终速度。
Answer:  [
  {
    "name": "calculate_final_speed",
    "arguments": {
      "initial_velocity": 0,
      "height": 100
    }
  }
]
Inferencing case id multiple_104, question: 找出纽约市和华盛顿特区之间的最短驾驶距离。
Answer:  [get_shortest_driving_distance(origin="New York City", destination="Washington, D.C.")]
Inferencing case id multiple_105, question: 计算在半径为4米的圆形环路中通过5安培电流时，在圆心处产生的磁场。
Answer:  [calculate_magnetic_field(current=5, radius=4)]
Inferencing case id multiple_106, question: 计算距离0.01库仑电荷4米处的电场强度。
Answer:  [
  {
    "name": "calculate_electric_field_strength",
    "arguments": {
      "charge": 0.01,
      "distance": 4
    }
  }
]
Inferencing case id multiple_107, question: 一种质量为45千克、体积为15立方米的物质的密度是多少？
Answer:  [calculate_density(mass=45, volume=15)]
Inferencing case id multiple_108, question: 计算空气在恒定压力下的热容量，已知其温度为298K，体积为10立方米。
Answer:  [calc_heat_capacity(temp=298, volume=10)]
Inferencing case id multiple_109, question: 血浆膜中发现的蛋白质有哪些名称？
Answer:  [
  {
    "name": "cellbio.get_proteins",
    "arguments": {
      "cell_compartment": "血浆膜"
    }
  }
]
Inferencing case id multiple_110, question: 根据SNP（单核苷酸多态性）ID rs6034464查找基因突变类型。
Answer:  [mutation_type.find(snp_id="rs6034464")]
Inferencing case id multiple_111, question: 在人群中，AA基因型的基因型频率是多少，已知A等位基因的频率为0.3？
Answer:  [calculate_genotype_frequency(allele_frequency=0.3, genotype="AA")]
Inferencing case id multiple_112, question: 预测未来5年黄石国家公园森林的增长情况，包括人类影响。
Answer:  [forest_growth_forecast(location="Yellowstone National Park", years=5, include_human_impact=true)]
Inferencing case id multiple_113, question: 计算一种生物的预期进化适应度，其中特征A对适应度的贡献为40%，特征B贡献60%，若特征A的值为0.8，特征B的值为0.7。
Answer:  [
  {
    "name": "calculate_fitness",
    "arguments": {
      "trait_values": [0.8, 0.7],
      "trait_contributions": [0.4, 0.6]
    }
  }
]
Inferencing case id multiple_114, question: 获取未来50年人类进化速率的预测，使用达尔文模型
Answer:  [
  {
    "name": "prediction.evolution",
    "arguments": {
      "species": "human",
      "years": 50,
      "model": "Darwin"
    }
  }
]
Inferencing case id multiple_115, question: 我想在曼哈顿附近找到5家提供泰国菜和素食菜单的餐厅。
Answer:  [find_restaurants(location="Manhattan", food_type="Thai", number=5, dietary_requirements=["vegan"])]
Inferencing case id multiple_116, question: 计算一个体重85公斤、身高180厘米的人的体重指数（BMI）。
Answer:  [calculate_bmi(weight=85, height=180)]
Inferencing case id multiple_117, question: 计算一个体重70公斤、身高1.75米的人的BMI（身体质量指数）。
Answer:  [calculate_BMI(weight_kg=70, height_m=1.75)]
Inferencing case id multiple_118, question: 从IMDB数据库中查找2010年莱昂纳多·迪卡普里奥主演的所有电影。
Answer:  [
  {
    "name": "imdb.find_movies_by_actor",
    "arguments": {
      "actor_name": "莱昂纳多·迪卡普里奥",
      "year": 2010
    }
  }
]
Inferencing case id multiple_119, question: 在用户表中查找年龄大于25且职业为“工程师”的数据库记录。
Answer:  [
  {
    "name": "database.query",
    "arguments": {
      "table": "user",
      "conditions": [
        {
          "field": "age",
          "operation": ">",
          "value": "25"
        },
        {
          "field": "occupation",
          "operation": "=",
          "value": "工程师"
        }
      ]
    }
  }
]
Inferencing case id multiple_120, question: 光从4光年远的恒星到达地球需要多长时间？
Answer:  [light_travel_time(distance_in_light_years=4)]
Inferencing case id multiple_121, question: 计算底为6、高为10的三角形的面积。
Answer:  [
  {
    "name": "geometry.area_triangle",
    "arguments": {
      "base": 6,
      "height": 10
    }
  }
]
Inferencing case id multiple_122, question: 运行一个线性回归模型，预测变量为‘年龄’、‘收入’和‘教育程度’，目标变量为‘购买金额’，同时应用标准化处理。
Answer:  [run_linear_regression(predictors=["年龄", "收入", "教育程度"], target="购买金额", standardize=True)]
Inferencing case id multiple_123, question: 计算从一副牌中抽到国王的概率。
Answer:  [calculate_probability(total_outcomes=52, favorable_outcomes=4, round_to=2)]
Inferencing case id multiple_124, question: 从一副洗匀的标准52张牌中抽到一张国王的概率是多少？
Answer:  [probabilities.calculate_single(total_outcomes=52, event_outcomes=4)]
Inferencing case id multiple_125, question: 对A组[3, 4, 5, 6, 4]和B组[7, 8, 9, 8, 7]进行等方差双样本T检验以比较均值。
Answer:  [run_two_sample_ttest(group1=[3, 4, 5, 6, 4], group2=[7, 8, 9, 8, 7], equal_variance=true)]
Inferencing case id multiple_126, question: 找出两组变量之间的统计显著性，数据集A的值为12、24、36，数据集B的值为15、30、45。
Answer:  [t_test(dataset_A=[12, 24, 36], dataset_B=[15, 30, 45])]
Inferencing case id multiple_127, question: 一家公司拥有1亿流通股，总股息支付额为5000万美元，每股季度股息是多少？
Answer:  [
  {
    "name": "finance.calculate_quarterly_dividend_per_share",
    "arguments": {
      "total_payout": 50000000,
      "outstanding_shares": 10000000
    }
  }
]
Inferencing case id multiple_128, question: 计算公司的净资产收益率，已知其净利润为2,000,000美元，股东权益为10,000,000美元，支付股息200,000美元。
Answer:  [
  {
    "name": "calculate_return_on_equity",
    "arguments": {
      "net_income": 2000000,
      "shareholder_equity": 10000000,
      "dividends_paid": 200000
    }
  }
]
Inferencing case id multiple_129, question: 计算一笔10000美元投资，年利率5%，按月复利，为期5年的复利。
Answer:  [compound_interest(principal=10000, annual_rate=5, compounding_freq='monthly', time_in_years=5)]
Inferencing case id multiple_130, question: 计算初始投资2000美元，最终价值3000美元，在4年期间的复合年增长率（CAGR）。
Answer:  [
  {
    "name": "calculate_cagr",
    "arguments": {
      "initial_value": 2000,
      "final_value": 3000,
      "period_in_years": 4
    }
  }
]
Inferencing case id multiple_131, question: 查找过去5天标准普尔500指数和道琼斯指数的市场表现。
Answer:  [market_performance.get_data(indexes=["S&P 500", "Dow Jones"], days=5, detailed=true)]
Inferencing case id multiple_132, question: 计算一项投资的未来价值，年回报率为8%，初始投资为20000美元，投资期限为5年。
Answer:  [
  {
    "name": "finance.calculate_future_value",
    "arguments": {
      "initial_investment": 20000,
      "rate_of_return": 0.08,
      "years": 5
    }
  }
]
Inferencing case id multiple_133, question: 计算一项总投资为50000美元、年收益率为5%的互惠基金在3年后的余额。
Answer:  [calculate_mutual_fund_balance(investment_amount=50000, annual_yield=0.05, years=3)]
Inferencing case id multiple_134, question: 查询圣地亚哥县案件编号CA123456的重罪犯罪记录详情
Answer:  [crime_record.get_record(case_number="CA123456", county="San Diego", details=True)]
Inferencing case id multiple_135, question: 加利福尼亚州案卷编号2022/AL2562案件的受害者是谁？
Answer:  [get_case_info(docket="2022/AL2562", court="California", info_type="victim")]
Inferencing case id multiple_136, question: 请提供2020年旧金山暴力犯罪的官方犯罪率数据。
Answer:  [get_crime_rate(city="San Francisco", state="CA", year=2020, type="Violent")]
Inferencing case id multiple_137, question: 搜索自2021年1月1日以来在加利福尼亚州针对“谷歌”公司提起的未决诉讼。
Answer:  [lawsuit_search(company="谷歌", start_date="2021-01-01", location="加利福尼亚州", status="ongoing")]
Inferencing case id multiple_138, question: 如何获取R诉亚当斯法律案件的详细案情信息？
Answer:  [legal_case.fetch(case_id="R_v_Adams", details=True)]
Inferencing case id multiple_139, question: 查找2010年涉及“苹果公司”的专利诉讼详情。
Answer:  [
  {
    "name": "lawsuit_details.find",
    "arguments": {
      "company_name": "苹果公司",
      "year": 2010,
      "case_type": "Patent"
    }
  }
]
Inferencing case id multiple_140, question: 查找2020年在加利福尼亚州对谷歌公司提起的诉讼。
Answer:  [lawsuits_search(company_name="Google", location="California", year=2020)]
Inferencing case id multiple_141, question: 我需要案件ID为1234的诉讼案件详情，并核实该案件是否已结案。
Answer:  [lawsuit.check_case(case_id=1234, closed_status=True)]
Inferencing case id multiple_142, question: 佛罗里达州迈阿密未来7天的湿度水平如何？
Answer:  [weather.humidity_forecast(location="Miami", days=7)]
Inferencing case id multiple_143, question: 计算坐标为（40.7128，-74.0060）和（34.0522，-118.2437）的两点之间的坡度（以度为单位）。
Answer:  [
  {
    "name": "calculate_slope_gradient",
    "arguments": {
      "point1": [40.7128, -74.006],
      "point2": [34.0522, -118.2437],
      "unit": "degree"
    }
  }
]
Inferencing case id multiple_144, question: 2022年8月16日伦敦的空气质量指数是多少？
Answer:  [air_quality(location="伦敦", date="2022年8月16日")]
Inferencing case id multiple_145, question: 一辆燃油效率为20英里每加仑、每年行驶12,000英里的汽油动力汽车，每年会产生多少二氧化碳？
Answer:  [calculate_emissions(distance=12000, fuel_type="gasoline", fuel_efficiency=20)]
Inferencing case id multiple_146, question: 查找西雅图10英里内提供中餐的附近餐厅。
Answer:  [restaurant.find_nearby(location="Seattle, WA", cuisine="Chinese", max_distance=10)]
Inferencing case id multiple_147, question: 给我从纽约到洛杉矶的路线，避开高速公路和收费公路。
Answer:  [map_service.get_directions(start="纽约", end="洛杉矶", avoid=["highways", "tolls"])]
Inferencing case id multiple_148, question: 给我关于苹果公司股票的详细信息。
Answer:  [get_stock_info(company_name="Apple", detail_level="detailed", market="NASDAQ")]
Inferencing case id multiple_149, question: 分析客户评论“我喜欢这里的食物！总是新鲜又美味。”的情感。
Answer:  [sentiment_analysis(text="我喜欢这里的食物！总是新鲜又美味。", language="Chinese")]
Inferencing case id multiple_150, question: 基于200的突触输入率和0.5的权重以及0.1的衰减率，计算神经元活动。
Answer:  [calculate_neuronal_activity(input_synaptic_rate=200, weight=0.5, decay_rate=0.1)]
Inferencing case id multiple_151, question: 找出推特上关注者最多、发布与行为及群体动力学相关心理学内容的用户。
Answer:  [social_media_analytics.most_followed(topic="behavioral_psychology", sub_topics=["social_media", "group_dynamics"])]
Inferencing case id multiple_152, question: 请提供1871年至1945年德国历史上的关键战争事件。
Answer:  [history.get_key_events(country="Germany", start_year=1871, end_year=1945, event_type=["War"])]
Inferencing case id multiple_153, question: 《里斯本条约》是在何时签署的？
Answer:  {
  "name": "get_event_date",
  "arguments": {
    "event": "里斯本条约"
  }
}
Inferencing case id multiple_154, question: 1861年美国总统的全名是什么？
Answer:  [US_president.in_year(year=1861, full_name=true)]
Inferencing case id multiple_155, question: 谁发现了中子？给我详细的信息。
Answer:  [get_discoverer(discovery="neutron", detail=true)]
Inferencing case id multiple_156, question: 1915年3月17日，阿尔伯特·爱因斯坦对科学有何贡献？
Answer:  [historical_contrib.get_contrib(scientist="Albert Einstein", date="1915-03-17")]
Inferencing case id multiple_157, question: 历史上关于耶稣基督最早的记载是什么？
Answer:  [get_earliest_reference(name="耶稣基督", source="historical records")]
Inferencing case id multiple_158, question: 获取教皇英诺森三世的传记及主要贡献。
Answer:  [
  {
    "name": "religious_history.get_papal_biography",
    "arguments": {
      "papal_name": "Pope John Paul III",
      "include_contributions": true
    }
  }
]
Inferencing case id multiple_159, question: 计算用某种品牌油漆覆盖一面30英尺乘12英尺的墙所需的总量，该品牌每加仑可覆盖400平方英尺。
Answer:  [calculate_paint_needed(coverage_rate=400, length=30, height=12)]
Inferencing case id multiple_160, question: 帮我找到詹姆斯·普伦萨最新的艺术雕塑并附上详细描述。
Answer:  [get_sculpture_info(artist_name="James Turrell", detail=True)]
Inferencing case id multiple_161, question: 找出下个月在纽约举行的顶级现代雕塑展览。
Answer:  [
  {
    "name": "find_exhibition",
    "arguments": {
      "location": "New York, NY",
      "art_form": "sculpture",
      "month": "next month",
      "user_ratings": "high"
    }
  }
]
Inferencing case id multiple_162, question: 建筑编号B1004的二、三、四层结构动力分析是什么？
Answer:  [analyze_structure(building_id="B1004", floors=[2, 3, 4], mode="dynamic")]
Inferencing case id multiple_163, question: 获取大都会艺术博物馆最受欢迎的前五件艺术品列表，请按受欢迎程度排序。
Answer:  [metropolitan_museum.get_top_artworks(number=5, sort_by="popularity")]
Inferencing case id multiple_164, question: Fender American Professional II Stratocaster 玫瑰木饰面款的零售价是多少？
Answer:  [
  {
    "name": "instrument_price.get",
    "arguments": {
      "brand": "Fender",
      "model": "American Professional II Stratocaster",
      "finish": "Rosewood"
    }
  }
]
Inferencing case id multiple_165, question: 在芝加哥地区寻找一把状况良好的二手Gibson Les Paul吉他的价格。
Answer:  [guitar_price.find(model="Gibson Les Paul", condition="Good", location="Chicago")]
Inferencing case id multiple_166, question: 这个周末在洛杉矶找一场票价便宜的古典型音乐会。
Answer:  [concert.search(genre="classical", location="Los Angeles", date="this weekend", price_range="cheap")]
Inferencing case id multiple_167, question: 生成一个C大调旋律，以C4音符开始，共16小节，速度为每分钟120拍。
Answer:  [music_generator.generate_melody(key="C", start_note="C4", length=16, tempo=120)]
Inferencing case id multiple_168, question: 查找皇后乐队（Queen）的歌曲《波西米亚狂想曲》（Bohemian Rhapsody）的歌词。
Answer:  [get_song_lyrics(song_title="Bohemian Rhapsody", artist_name="Queen")]
Inferencing case id multiple_169, question: C大调的音阶是什么？
Answer:  [musical_scale(key="C大调", scale_type="major")]
Inferencing case id multiple_170, question: 获取克里斯蒂亚诺·罗纳尔多在2019-2020赛季的球员统计数据
Answer:  [
  {
    "name": "soccer_stat.get_player_stats",
    "arguments": {
      "player_name": "克里斯蒂亚诺·罗纳尔多",
      "season": "2019-2020"
    }
  }
]
Inferencing case id multiple_171, question: 2021年1月28日湖人队与快船队的篮球比赛谁赢了？
Answer:  [game_result.get_winner(teams=["湖人队", "快船队"], date="2021-01-28")]
Inferencing case id multiple_172, question: 查找篮球运动员勒布朗·詹姆斯的详细资料
Answer:  [
  {
    "name": "sports_db.find_athlete",
    "arguments": {
      "name": "勒布朗·詹姆斯",
      "sport": "Basketball"
    }
  }
]
Inferencing case id multiple_173, question: 获取2021赛季防守最佳的NBA球队排名。
Answer:  [get_defense_ranking(season=2021, top=1)]
Inferencing case id multiple_174, question: 曼联在英超联赛中的排名是多少？
Answer:  [sports_ranking(team="曼联", league="英超联赛")]
Inferencing case id multiple_175, question: 谁在女子网球中排名第一？
Answer:  [
  {
    "name": "sports_ranking.get_top_player",
    "arguments": {
      "sport": "women's tennis",
      "gender": "women"
    }
  }
]
Inferencing case id multiple_176, question: 告诉我曼联接下来6场英超比赛的赛程。
Answer:  [
  {
    "name": "sports_team.get_schedule",
    "arguments": {
      "team_name": "Manchester United",
      "num_of_games": 6,
      "league": "Premier League"
    }
  }
]
Inferencing case id multiple_177, question: 找出纽约市评级超过2300分的顶尖国际象棋选手。
Answer:  [board_game.chess.get_top_players(location="New York City", minimum_rating=2300)]
Inferencing case id multiple_178, question: 在牌组中找到一张等级为“皇后”且花色为“红心”的牌。
Answer:  [
  {
    "name": "find_card_in_deck",
    "arguments": {
      "rank": "Queen",
      "suit": "Hearts"
    }
  }
]
Inferencing case id multiple_179, question: 在扑克牌中，获得满堂红的概率是多少？
Answer:  [poker_probability.full_house(deck_size=52, hand_size=5)]
Inferencing case id multiple_180, question: 获取用户'Sam'在Switch上的'Zelda'游戏玩家统计数据。
Answer:  [
  {
    "name": "game_stats.fetch_player_statistics",
    "arguments": {
      "game": "Zelda",
      "username": "Sam",
      "platform": "Switch"
    }
  }
]
Inferencing case id multiple_181, question: 告诉我利物浦足球俱乐部上一场比赛的详细信息，包括其统计数据。
Answer:  [
  {
    "name": "soccer.get_last_match",
    "arguments": {
      "team_name": "利物浦",
      "include_stats": true
    }
  }
]
Inferencing case id multiple_182, question: 给我找一个评分超过4.5分且兼容Windows 10的多人在线游戏。
Answer:  [
  {
    "name": "multiplayer_game_finder",
    "arguments": {
      "platform": "Windows 10",
      "rating": 4.5
    }
  }
]
Inferencing case id multiple_183, question: Foodnetwork.com上的牛肉千层面食谱有多少卡路里？
Answer:  [recipe_info.get_calories(website="Foodnetwork.com", recipe="Beef Lasagna")]
Inferencing case id multiple_184, question: 给我一份两人份的素食奶酪意面食谱。
Answer:  [
  {
    "name": "recipe_search",
    "arguments": {
      "dietary_restriction": "Vegetarian",
      "ingredients": ["pasta", "cheese"],
      "servings": 2
    }
  }
]
Inferencing case id multiple_185, question: 在波士顿找到最近的有露台的寿司店。
Answer:  [restaurant_search.find_closest(location="Boston", cuisine="Sushi", amenities=["Patio"])]
Inferencing case id multiple_186, question: 给我找一个准备时间在30分钟以内的素食布朗尼食谱。
Answer:  [find_recipe(dietary_restrictions="vegetarian", recipe_type="breakfast", time=30)]
Inferencing case id multiple_187, question: 查看洛杉矶Whole Foods超市的西红柿和生菜价格。
Answer:  [whole_foods.check_price(location="Los Angeles", items=["tomato", "lettuce"])]
Inferencing case id multiple_188, question: 找到离伯克利最近、评分至少4.5星、销售番茄和宠物食品的杂货店。
Answer:  [grocery_store.find_best(my_location="伯克利", rating=4.5, products=["番茄", "宠物食品"])]
Inferencing case id multiple_189, question: 将纽约时区的下午3点转换为伦敦时区的时间。
Answer:  [
  {
    "name": "timezone.convert",
    "arguments": {
      "time": "3pm",
      "from_timezone": "America/New_York",
      "to_timezone": "Europe/London"
    }
  }
]
Inferencing case id multiple_190, question: 预订芝加哥希尔顿酒店的单人间，从2022年12月10日起，共两晚。
Answer:  [book_hotel(hotel_name="希尔顿", location="芝加哥", room_type="单人间", start_date="2022-12-10", nights=2)]
Inferencing case id multiple_191, question: 预订拉斯维加斯天堂酒店的一间豪华客房，需带城市景观，入住时间为2022年5月12日起，共3天。
Answer:  [book_hotel(hotel_name="Paradise Hotel", location="Las Vegas", room_type="suite", start_date="05-12-2022", stay_duration=3, view="cityscape")]
Inferencing case id multiple_192, question: 将150欧元兑换成加拿大元。
Answer:  [currency_conversion.convert(amount=150, from_currency="EUR", to_currency="CAD")]
Inferencing case id multiple_193, question: 获取从埃菲尔铁塔到卢浮宫的旅行距离和所需时间
Answer:  [maps.get_distance_duration(start_location="Eiffel Tower", end_location="Louvre Museum")]
Inferencing case id multiple_194, question: 大都会艺术博物馆周六的开放时间是几点？
Answer:  [get_museum_hours(museum_name="Metropolitan Museum of Art", day="Saturday")]
Inferencing case id multiple_195, question: 计算空气在恒定压力下的热容量，已知其温度为298K，体积为10立方米。
Answer:  [
  {
    "name": "calc_heat_capacity",
    "arguments": {
      "temp": 298,
      "volume": 10,
      "gas": "air"
    }
  }
]
Inferencing case id multiple_196, question: 血浆膜中发现的蛋白质名称是什么？
Answer:  [
  {
    "name": "cellbio.get_proteins",
    "arguments": {
      "cell_compartment": "plasma membrane",
      "include_description": true
    }
  }
]
Inferencing case id multiple_197, question: 根据SNP（单核苷酸多态性）ID rs6034464查找基因突变类型。
Answer:  [
  {
    "name": "mutation_type.find",
    "arguments": {
      "snp_id": "rs6034464"
    }
  }
]
Inferencing case id multiple_198, question: 在人群中，AA基因型的基因型频率是多少，已知A等位基因的频率为0.3？
Answer:  [calculate_genotype_frequency(allele_frequency=0.3, genotype="AA")]
Inferencing case id multiple_199, question: 预测未来5年黄石公园森林的增长情况，包括人类活动的影响。
Answer:  [forest_growth_forecast(location="Yellowstone National Park", years=5, include_human_impact=True)]
Evaluation result file result/evaluation/BFCL_v4_multiple_granite_zh_d.json not found. It will be created.
Score result written to result/score/BFCL_v4_multiple_granite_zh_d.json: {'accuracy': 0.47, 'total_cases': 200, 'correct_cases': 94}
Completed processing for config: Config(model=LocalModelStruct(model=<LocalModel.GRANITE_3_1_8B_INSTRUCT: 'ibm-granite/granite-3.1-8b-instruct'>, generator=<generator object make_chat_pipeline.<locals>.chat_generator at 0x7fc8cbe05df0>), translate_mode=Translated(language=<Language.CHINESE: 1>, option=<TranslateOption.DATASET_FULLY_TRANSLATED: 1>), add_noise_mode=<AddNoiseMode.NO_NOISE: 1>)
Processing config: Config(model=LocalModelStruct(model=<LocalModel.GRANITE_3_1_8B_INSTRUCT: 'ibm-granite/granite-3.1-8b-instruct'>, generator=None), translate_mode=Translated(language=<Language.CHINESE: 1>, option=<TranslateOption.DATASET_PARTIALLY_TRANSLATED: 3>), add_noise_mode=<AddNoiseMode.NO_NOISE: 1>)
Loading local model: ibm-granite/granite-3.1-8b-instruct
